<?xml version="1.0" encoding="UTF-8"?>
<!-- Generated by org.testng.reporters.JUnitXMLReporter -->
<testsuite ignored="3" hostname="RAYHAN" failures="0" tests="1" name="Default test" time="0.082" errors="0" timestamp="2023-02-28T20:50:30 GMT-05:00">
  <testcase classname="test.Units.UnitTests" name="DateTest" time="0.039"/>
  <testcase classname="test.Units.UnitTests" name="unitTestForPojo" time="0.0">
    <ignored/>
  </testcase> <!-- unitTestForPojo -->
  <testcase classname="test.Units.UnitTests" name="folderTest" time="0.0">
    <ignored/>
  </testcase> <!-- folderTest -->
  <testcase classname="test.Units.UnitTests" name="unitTestForOS" time="0.0">
    <ignored/>
  </testcase> <!-- unitTestForOS -->
</testsuite> <!-- Default test -->
