<?xml version="1.0" encoding="UTF-8"?>
<!-- Generated by org.testng.reporters.JUnitXMLReporter -->
<testsuite ignored="3" hostname="RAYHAN" failures="0" tests="1" name="ChromeTest" time="10.45" errors="0" timestamp="2023-02-28T12:44:50 GMT-05:00">
  <testcase classname="test.auto.AutoQuote" name="autoTest1" time="5.378"/>
  <testcase classname="test.auto.AutoQuote" name="retryAnnotationTransformTest" time="0.0">
    <ignored/>
  </testcase> <!-- retryAnnotationTransformTest -->
  <testcase classname="test.auto.AutoQuote" name="autoTest" time="0.0">
    <ignored/>
  </testcase> <!-- autoTest -->
  <testcase classname="test.auto.AutoQuote" name="nonFunctionalTest" time="0.0">
    <ignored/>
  </testcase> <!-- nonFunctionalTest -->
</testsuite> <!-- ChromeTest -->
