<?xml version="1.0" encoding="UTF-8"?>
<!-- Generated by org.testng.reporters.JUnitXMLReporter -->
<testsuite ignored="3" hostname="RAYHAN" failures="0" tests="1" name="EdgeTest" time="9.84" errors="0" timestamp="2023-02-28T12:45:00 GMT-05:00">
  <testcase classname="test.auto.AutoQuote" name="autoTest1" time="5.805"/>
  <testcase classname="test.auto.AutoQuote" name="nonFunctionalTest" time="0.0">
    <ignored/>
  </testcase> <!-- nonFunctionalTest -->
  <testcase classname="test.auto.AutoQuote" name="autoTest" time="0.0">
    <ignored/>
  </testcase> <!-- autoTest -->
  <testcase classname="test.auto.AutoQuote" name="retryAnnotationTransformTest" time="0.0">
    <ignored/>
  </testcase> <!-- retryAnnotationTransformTest -->
</testsuite> <!-- EdgeTest -->
