<?xml version="1.0" encoding="UTF-8"?>
<!-- Generated by org.testng.reporters.JUnitXMLReporter -->
<testsuite ignored="2" hostname="RAYHAN" failures="0" tests="2" name="Test" time="9.763" errors="0" timestamp="2023-02-27T14:47:40 GMT-05:00">
  <testcase classname="test.auto.AutoQuote" name="nonFunctionalTest" time="0.015"/>
  <testcase classname="test.home.HomeQuoteTest" name="nonFunctionalTest" time="0.007"/>
  <testcase classname="test.home.HomeQuoteTest" name="homeQuoteTest" time="0.0">
    <ignored/>
  </testcase> <!-- homeQuoteTest -->
  <testcase classname="test.auto.AutoQuote" name="autoTest" time="0.0">
    <ignored/>
  </testcase> <!-- autoTest -->
</testsuite> <!-- Test -->
