<?xml version="1.0" encoding="UTF-8"?>
<!-- Generated by org.testng.reporters.JUnitXMLReporter -->
<testsuite ignored="3" hostname="RAYHAN" failures="1" tests="1" name="Test" time="5.029" errors="0" timestamp="2023-02-28T23:43:21 GMT-05:00">
  <testcase classname="test.auto.AutoQuote" name="autoTest1" time="0.712">
    <failure type="java.lang.AssertionError" message="null">
      <![CDATA[java.lang.AssertionError: null
at test.auto.AutoQuote.autoTest1(AutoQuote.java:30)
at java.base/java.util.ArrayList.forEach(ArrayList.java:1511)
... Removed 27 stack frames]]>
    </failure>
  </testcase> <!-- autoTest1 -->
  <testcase classname="test.auto.AutoQuote" name="autoTest" time="0.0">
    <ignored/>
  </testcase> <!-- autoTest -->
  <testcase classname="test.auto.AutoQuote" name="retryAnnotationTransformTest" time="0.0">
    <ignored/>
  </testcase> <!-- retryAnnotationTransformTest -->
  <testcase classname="test.auto.AutoQuote" name="nonFunctionalTest" time="0.0">
    <ignored/>
  </testcase> <!-- nonFunctionalTest -->
</testsuite> <!-- Test -->
