<?xml version="1.0" encoding="UTF-8"?>
<testng-results ignored="0" total="1" passed="1" failed="0" skipped="0">
  <reporter-output>
    <line>
      <![CDATA[Validating ---> actual: Insurance designed with you in mind*** Expected: Insurance designed with you in mind<br>]]>
    </line>
    <line>
      <![CDATA[[[ChromeDriver: chrome on WINDOWS (b568aa4e7f761f502040d6e27b9853f6)] -> xpath: //button[contains(text(),'Start a New Quote')]] ----> has been clicked<br>]]>
    </line>
  </reporter-output>
  <suite started-at="2023-02-23T21:32:23 GMT-05:00" name="Default suite" finished-at="2023-02-23T21:32:28 GMT-05:00" duration-ms="4603">
    <groups>
    </groups>
    <test started-at="2023-02-23T21:32:23 GMT-05:00" name="Default test" finished-at="2023-02-23T21:32:28 GMT-05:00" duration-ms="4603">
      <class name="test.auto.AutoQuote">
        <test-method is-config="true" signature="setUpSuite()[pri:0, instance:test.auto.AutoQuote@4d154ccd]" started-at="2023-02-23T21:32:23 GMT-05:00" name="setUpSuite" finished-at="2023-02-23T21:32:23 GMT-05:00" duration-ms="7" status="PASS">
          <reporter-output>
          </reporter-output>
        </test-method> <!-- setUpSuite -->
        <test-method is-config="true" signature="setUpBrowser()[pri:0, instance:test.auto.AutoQuote@4d154ccd]" started-at="2023-02-23T21:32:23 GMT-05:00" name="setUpBrowser" finished-at="2023-02-23T21:32:27 GMT-05:00" duration-ms="3829" status="PASS">
          <reporter-output>
          </reporter-output>
        </test-method> <!-- setUpBrowser -->
        <test-method signature="autoTest()[pri:0, instance:test.auto.AutoQuote@4d154ccd]" started-at="2023-02-23T21:32:27 GMT-05:00" name="autoTest" finished-at="2023-02-23T21:32:27 GMT-05:00" duration-ms="303" status="PASS">
          <reporter-output>
            <line>
              <![CDATA[Validating ---> actual: Insurance designed with you in mind*** Expected: Insurance designed with you in mind<br>]]>
            </line>
            <line>
              <![CDATA[[[ChromeDriver: chrome on WINDOWS (b568aa4e7f761f502040d6e27b9853f6)] -> xpath: //button[contains(text(),'Start a New Quote')]] ----> has been clicked<br>]]>
            </line>
          </reporter-output>
        </test-method> <!-- autoTest -->
        <test-method is-config="true" signature="closingWindows()[pri:0, instance:test.auto.AutoQuote@4d154ccd]" started-at="2023-02-23T21:32:27 GMT-05:00" name="closingWindows" finished-at="2023-02-23T21:32:28 GMT-05:00" duration-ms="439" status="PASS">
          <reporter-output>
          </reporter-output>
        </test-method> <!-- closingWindows -->
      </class> <!-- test.auto.AutoQuote -->
    </test> <!-- Default test -->
  </suite> <!-- Default suite -->
</testng-results>
